<?xml version="1.0" encoding="UTF-8"?>
<!-- Generated by org.testng.reporters.JUnitReportReporter -->
<testsuite hostname="ganeshvarma" failures="0" tests="2" name="TestNg.BeforeAfterMethod" time="15.006" errors="0" timestamp="2024-02-22T20:16:46 IST" skipped="0">
  <testcase classname="TestNg.BeforeAfterMethod" name="Login" time="7.362"/>
  <testcase classname="TestNg.BeforeAfterMethod" name="search" time="7.644"/>
</testsuite> <!-- TestNg.BeforeAfterMethod -->
