<?xml version="1.0" encoding="UTF-8"?>
<!-- Generated by org.testng.reporters.JUnitReportReporter -->
<testsuite hostname="ganeshvarma" failures="0" tests="4" name="POMTests.LoginTest" time="18.521" errors="0" timestamp="2024-02-24T21:39:01 IST" skipped="0">
  <testcase classname="POMTests.LoginTest" name="Setup" time="11.652"/>
  <testcase classname="POMTests.LoginTest" name="Header" time="0.051"/>
  <testcase classname="POMTests.LoginTest" name="Login" time="0.324"/>
  <testcase classname="POMTests.LoginTest" name="CloseApp" time="6.494"/>
</testsuite> <!-- POMTests.LoginTest -->
