<?xml version="1.0" encoding="UTF-8"?>
<!-- Generated by org.testng.reporters.JUnitReportReporter -->
<testsuite hostname="ganeshvarma" failures="0" tests="4" name="TestNg.AnnonationPriority1" time="9.391" errors="0" timestamp="2024-02-22T19:02:32 IST" skipped="0">
  <testcase classname="TestNg.AnnonationPriority1" name="openApp" time="7.849"/>
  <testcase classname="TestNg.AnnonationPriority1" name="Login" time="1.322"/>
  <testcase classname="TestNg.AnnonationPriority1" name="search" time="0.004"/>
  <testcase classname="TestNg.AnnonationPriority1" name="closeApp" time="0.216"/>
</testsuite> <!-- TestNg.AnnonationPriority1 -->
