<?xml version="1.0" encoding="UTF-8"?>
<!-- Generated by org.testng.reporters.JUnitReportReporter -->
<testsuite hostname="ganeshvarma" failures="0" tests="4" name="TestNg.AnnotationandPriority3" time="8.538" errors="0" timestamp="2024-02-22T21:00:17 IST" skipped="0">
  <testcase classname="TestNg.AnnotationandPriority3" name="openApp" time="6.835"/>
  <testcase classname="TestNg.AnnotationandPriority3" name="Login" time="1.346"/>
  <testcase classname="TestNg.AnnotationandPriority3" name="search" time="0.003"/>
  <testcase classname="TestNg.AnnotationandPriority3" name="closeApp" time="0.354"/>
</testsuite> <!-- TestNg.AnnotationandPriority3 -->
