<?xml version="1.0" encoding="UTF-8"?>
<!-- Generated by org.testng.reporters.JUnitReportReporter -->
<testsuite hostname="ganeshvarma" failures="0" tests="3" name="Reports.Guru99Test" time="9.597" errors="0" timestamp="2024-02-28T20:56:31 IST" skipped="0">
  <testcase classname="Reports.Guru99Test" name="OpenApp" time="6.577"/>
  <testcase classname="Reports.Guru99Test" name="Login" time="1.583"/>
  <testcase classname="Reports.Guru99Test" name="TearDown" time="1.437"/>
</testsuite> <!-- Reports.Guru99Test -->
