<?xml version="1.0" encoding="UTF-8"?>
<!-- Generated by org.testng.reporters.JUnitReportReporter -->
<testsuite hostname="ganeshvarma" failures="0" tests="4" name="TestNg.AnnonationandPriority" time="7.249" errors="0" timestamp="2024-02-22T18:59:37 IST" skipped="0">
  <testcase classname="TestNg.AnnonationandPriority" name="openApp" time="5.637"/>
  <testcase classname="TestNg.AnnonationandPriority" name="Login" time="1.365"/>
  <testcase classname="TestNg.AnnonationandPriority" name="search" time="0.005"/>
  <testcase classname="TestNg.AnnonationandPriority" name="closeApp" time="0.242"/>
</testsuite> <!-- TestNg.AnnonationandPriority -->
